<?xml version="1.0" encoding="UTF-8"?>
<!-- Generated by org.testng.reporters.JUnitReportReporter -->
<testsuite skipped="0" hostname="MAVBCP203" name="com.maveric.scuba.tests.demoqa.Demoqa" tests="1" failures="0" timestamp="2020-07-29T23:17:01 GMT+05:30" time="25.227" errors="0">
  <testcase name="ProfileForm" time="25.227" classname="com.maveric.scuba.tests.demoqa.Demoqa"/>
  <system-out>
29-Jul-2020 11:16:51 PM : <a target=_blank href=screenshotsscreenshot_1.png>UrlLaunch  </a> 29-Jul-2020 11:16:51 PM : <a target=_blank href=screenshotsscreenshot_1.png>UrlLaunch2  </a>  </system-out>
</testsuite> <!-- com.maveric.scuba.tests.demoqa.Demoqa -->
