<?xml version="1.0" encoding="UTF-8"?>
<!-- Generated by org.testng.reporters.JUnitReportReporter -->
<testsuite skipped="0" hostname="MAVBCP203" name="com.maveric.scuba.tests.demoqa.Demoqa" tests="3" failures="0" timestamp="2020-07-30T20:23:11 GMT+05:30" time="221.216" errors="0">
  <testcase name="AllElements" time="88.461" classname="com.maveric.scuba.tests.demoqa.Demoqa"/>
  <system-out>
30-Jul-2020 08:19:52 PM : <a target=_blank href=screenshots/screenshot_1.png>UrlLaunch  </a> 30-Jul-2020 08:19:59 PM : <a target=_blank href=screenshots/screenshot_2.png>TextBox Element is Completed  </a> 30-Jul-2020 08:20:10 PM : <a target=_blank href=screenshots/screenshot_3.png>CheckBox Element is Completed  </a> 30-Jul-2020 08:20:22 PM : <a target=_blank href=screenshots/screenshot_4.png>Radio Button Element is Completed  </a> 30-Jul-2020 08:20:28 PM : <a target=_blank href=screenshots/screenshot_5.png>Buttons Element is Completed  </a> 30-Jul-2020 08:20:36 PM : <a target=_blank href=screenshots/screenshot_6.png>Windows Element is Completed  </a> 30-Jul-2020 08:20:42 PM : <a target=_blank href=screenshots/screenshot_7.png>Alert Element is Completed  </a> 30-Jul-2020 08:20:54 PM : <a target=_blank href=screenshots/screenshot_8.png>Modal Element is Completed  </a>  </system-out>
  <testcase name="ProfileForm" time="57.758" classname="com.maveric.scuba.tests.demoqa.Demoqa"/>
  <system-out>
30-Jul-2020 08:21:09 PM : <a target=_blank href=screenshots/screenshot_9.png>UrlLaunch  </a> 30-Jul-2020 08:21:10 PM : <a target=_blank href=screenshots/screenshot_10.png>Practice Form is Launched  </a> 30-Jul-2020 08:21:37 PM : <a target=_blank href=screenshots/screenshot_11.png>All the values are Set  </a> 30-Jul-2020 08:21:48 PM : <a target=_blank href=screenshots/screenshot_12.png>Form is Created Successfully  </a>  </system-out>
  <testcase name="BookStore" time="74.997" classname="com.maveric.scuba.tests.demoqa.Demoqa"/>
  <system-out>
30-Jul-2020 08:22:08 PM : <a target=_blank href=screenshots/screenshot_13.png>UrlLaunch  </a> 30-Jul-2020 08:22:08 PM : <a target=_blank href=screenshots/screenshot_14.png>DemoQA Login Page is launched  </a> 30-Jul-2020 08:22:24 PM : <a target=_blank href=screenshots/screenshot_15.png>BookStore is Launched  </a> 30-Jul-2020 08:22:41 PM : <a target=_blank href=screenshots/screenshot_16.png>Book is Added to the Collection  </a> 30-Jul-2020 08:23:04 PM : <a target=_blank href=screenshots/screenshot_17.png>All Books are deleted  </a>  </system-out>
</testsuite> <!-- com.maveric.scuba.tests.demoqa.Demoqa -->
