<?xml version="1.0" encoding="UTF-8"?>
<!-- Generated by org.testng.reporters.JUnitReportReporter -->
<testsuite skipped="0" hostname="MAVBCP203" name="com.CucumberRunner" tests="1" failures="0" timestamp="2020-08-05T17:35:52 GMT+05:30" time="167.070" errors="0">
  <testcase name="scenario" time="167.070" classname="com.CucumberRunner"/>
  <system-out/>
</testsuite> <!-- com.CucumberRunner -->
