<?xml version="1.0" encoding="UTF-8"?>
<!-- Generated by org.testng.reporters.JUnitReportReporter -->
<testsuite skipped="0" hostname="MAVBCP203" name="com.internetapp.tests.reports.TestNG_ReportsAndLogs" tests="3" failures="0" timestamp="2020-08-07T19:52:29 GMT+05:30" time="0.012" errors="0">
  <testcase name="testMethod3" time="0.002" classname="com.internetapp.tests.reports.TestNG_ReportsAndLogs"/>
  <system-out>
TestNG_ReportsAndLogs -> testMethod3  </system-out>
  <testcase name="testMethod2" time="0.007" classname="com.internetapp.tests.reports.TestNG_ReportsAndLogs"/>
  <system-out>
TestNG_ReportsAndLogs -> testMethod2  </system-out>
  <testcase name="testMethod1" time="0.003" classname="com.internetapp.tests.reports.TestNG_ReportsAndLogs"/>
  <system-out>
TestNG_ReportsAndLogs -> testMethod1  </system-out>
</testsuite> <!-- com.internetapp.tests.reports.TestNG_ReportsAndLogs -->
