<?xml version="1.0" encoding="UTF-8"?>
<!-- Generated by org.testng.reporters.JUnitReportReporter -->
<testsuite skipped="0" hostname="MAVBCP203" name="com.maveric.scuba.tests.parabank.ParaBank_TestNG" tests="1" failures="0" timestamp="2020-08-08T17:03:01 GMT+05:30" time="33.497" errors="0">
  <testcase name="Register_User" time="33.497" classname="com.maveric.scuba.tests.parabank.ParaBank_TestNG"/>
  <system-out>
08-Aug-2020 05:02:38 PM : <a target=_blank href=screenshots/screenshot_1.png>UrlLaunch  </a> 08-Aug-2020 05:02:44 PM : <a target=_blank href=screenshots/screenshot_2.png>Parabank Site loaded : Login screen  </a> 08-Aug-2020 05:02:46 PM : <a target=_blank href=screenshots/screenshot_3.png>Parabank Site : New User Registration Values are Entered  </a> 08-Aug-2020 05:02:53 PM : <a target=_blank href=screenshots/screenshot_4.png>Parabank Site logged in : New user registered with ID thamarai489; Password: thamarai  </a> 08-Aug-2020 05:02:59 PM : <a target=_blank href=screenshots/screenshot_5.png>Parabank Site logged out after creating registering a new user  </a>  </system-out>
</testsuite> <!-- com.maveric.scuba.tests.parabank.ParaBank_TestNG -->
