<?xml version="1.0" encoding="UTF-8"?>
<!-- Generated by org.testng.reporters.JUnitReportReporter -->
<testsuite skipped="0" hostname="MAVBCP203" name="com.maveric.scuba.tests.parabank.ParaBank_TestNG" tests="3" failures="0" timestamp="2020-08-05T15:35:45 GMT+05:30" time="257.942" errors="0">
  <testcase name="Register_User" time="33.120" classname="com.maveric.scuba.tests.parabank.ParaBank_TestNG"/>
  <system-out>
05-Aug-2020 03:31:36 PM : <a target=_blank href=screenshots/screenshot_1.png>UrlLaunch  </a> 05-Aug-2020 03:31:42 PM : <a target=_blank href=screenshots/screenshot_2.png>Parabank Site loaded : Login screen  </a> 05-Aug-2020 03:31:44 PM : <a target=_blank href=screenshots/screenshot_3.png>Parabank Site : New User Registration Values are Entered  </a> 05-Aug-2020 03:31:50 PM : <a target=_blank href=screenshots/screenshot_4.png>Parabank Site logged in : New user registered with ID thamarai781; Password: thamarai  </a> 05-Aug-2020 03:31:56 PM : <a target=_blank href=screenshots/screenshot_5.png>Parabank Site logged out after creating registering a new user  </a>  </system-out>
  <testcase name="Paralogin" time="26.004" classname="com.maveric.scuba.tests.parabank.ParaBank_TestNG"/>
  <system-out>
05-Aug-2020 03:32:10 PM : <a target=_blank href=screenshots/screenshot_6.png>UrlLaunch  </a> 05-Aug-2020 03:32:10 PM : <a target=_blank href=screenshots/screenshot_7.png>Credentials entered  </a> 05-Aug-2020 03:32:17 PM : <a target=_blank href=screenshots/screenshot_8.png>Parabank Site logged in successfully  </a> 05-Aug-2020 03:32:23 PM : <a target=_blank href=screenshots/screenshot_9.png>Default account : 14232  </a>  </system-out>
  <testcase name="AccountCreation" time="198.818" classname="com.maveric.scuba.tests.parabank.ParaBank_TestNG"/>
  <system-out>
05-Aug-2020 03:32:40 PM : <a target=_blank href=screenshots/screenshot_10.png>UrlLaunch  </a> 05-Aug-2020 03:32:40 PM : <a target=_blank href=screenshots/screenshot_11.png>Credentials entered  </a> 05-Aug-2020 03:32:47 PM : <a target=_blank href=screenshots/screenshot_12.png>Parabank Site logged in successfully  </a> 05-Aug-2020 03:32:55 PM : <a target=_blank href=screenshots/screenshot_13.png>Default account : 14232  </a> 05-Aug-2020 03:34:01 PM : <a target=_blank href=screenshots/screenshot_14.png>date entred for create account  </a> 05-Aug-2020 03:34:08 PM : <a target=_blank href=screenshots/screenshot_15.png>Account created - '14343'  </a> 05-Aug-2020 03:34:15 PM : <a target=_blank href=screenshots/screenshot_16.png>Utilsive accounts  </a> 05-Aug-2020 03:35:24 PM : <a target=_blank href=screenshots/screenshot_17.png>selected transUtilsion accounts  </a> 05-Aug-2020 03:35:30 PM : <a target=_blank href=screenshots/screenshot_18.png>TransUtilsion completed successfully  </a> 05-Aug-2020 03:35:43 PM : <a target=_blank href=screenshots/screenshot_19.png>Parabank Site logged out  </a>  </system-out>
</testsuite> <!-- com.maveric.scuba.tests.parabank.ParaBank_TestNG -->
