<?xml version="1.0" encoding="UTF-8"?>
<!-- Generated by org.testng.reporters.JUnitReportReporter -->
<testsuite skipped="0" hostname="MAVBCP203" name="com.maveric.scuba.tests.parabank.ParaBank_TestNG" tests="1" failures="0" timestamp="2020-08-05T00:05:31 GMT+05:30" time="34.920" errors="0">
  <testcase name="Register_User" time="34.920" classname="com.maveric.scuba.tests.parabank.ParaBank_TestNG"/>
  <system-out>
05-Aug-2020 12:05:09 AM : <a target=_blank href=screenshots/screenshot_1.png>UrlLaunch  </a> 05-Aug-2020 12:05:15 AM : <a target=_blank href=screenshots/screenshot_2.png>Parabank Site loaded : Login screen  </a> 05-Aug-2020 12:05:17 AM : <a target=_blank href=screenshots/screenshot_3.png>Parabank Site : New User Registration Values are Entered  </a> 05-Aug-2020 12:05:23 AM : <a target=_blank href=screenshots/screenshot_4.png>Parabank Site logged in : New user registered with ID thamarai383; Password: thamarai  </a> 05-Aug-2020 12:05:30 AM : <a target=_blank href=screenshots/screenshot_5.png>Parabank Site logged out after creating registering a new user  </a>  </system-out>
</testsuite> <!-- com.maveric.scuba.tests.parabank.ParaBank_TestNG -->
