<?xml version="1.0" encoding="UTF-8"?>
<!-- Generated by org.testng.reporters.JUnitReportReporter -->
<testsuite skipped="0" hostname="MAVBCP203" name="com.internetapp.tests.priority.TestNG_Priority" tests="3" failures="0" timestamp="2020-08-07T19:47:48 GMT+05:30" time="0.006" errors="0">
  <testcase name="testMethod3" time="0.005" classname="com.internetapp.tests.priority.TestNG_Priority"/>
  <system-out/>
  <testcase name="testMethod2" time="0.001" classname="com.internetapp.tests.priority.TestNG_Priority"/>
  <system-out/>
  <testcase name="testMethod1" time="0.000" classname="com.internetapp.tests.priority.TestNG_Priority"/>
  <system-out/>
</testsuite> <!-- com.internetapp.tests.priority.TestNG_Priority -->
