<?xml version="1.0" encoding="UTF-8"?>
<!-- Generated by org.testng.reporters.JUnitReportReporter -->
<testsuite skipped="0" hostname="MAVBCP203" name="com.maveric.scuba.tests.demoqa.Demoqa" tests="3" failures="0" timestamp="2020-08-10T01:06:35 GMT+05:30" time="198.376" errors="0">
  <testcase name="AllElements" time="75.502" classname="com.maveric.scuba.tests.demoqa.Demoqa"/>
  <system-out>
10-Aug-2020 01:03:30 AM : <a target=_blank href=screenshots/screenshot_1.png>UrlLaunch  </a> 10-Aug-2020 01:03:30 AM : <a target=_blank href=screenshots/screenshot_2.png>Sheet  </a> 10-Aug-2020 01:03:34 AM : <a target=_blank href=screenshots/screenshot_3.png>UrlLaunch  </a> 10-Aug-2020 01:03:45 AM : <a target=_blank href=screenshots/screenshot_4.png>CheckBox Element is Completed  </a> 10-Aug-2020 01:03:56 AM : <a target=_blank href=screenshots/screenshot_5.png>Radio Button Element is Completed  </a> 10-Aug-2020 01:04:03 AM : <a target=_blank href=screenshots/screenshot_6.png>Buttons Element is Completed  </a> 10-Aug-2020 01:04:11 AM : <a target=_blank href=screenshots/screenshot_7.png>Windows Element is Completed  </a> 10-Aug-2020 01:04:17 AM : <a target=_blank href=screenshots/screenshot_8.png>Alert Element is Completed  </a> 10-Aug-2020 01:04:28 AM : <a target=_blank href=screenshots/screenshot_9.png>Modal Element is Completed  </a>  </system-out>
  <testcase name="ProfileForm" time="54.804" classname="com.maveric.scuba.tests.demoqa.Demoqa"/>
  <system-out>
10-Aug-2020 01:04:41 AM : <a target=_blank href=screenshots/screenshot_10.png>UrlLaunch  </a> 10-Aug-2020 01:04:41 AM : <a target=_blank href=screenshots/screenshot_11.png>Practice Form is Launched  </a> 10-Aug-2020 01:05:09 AM : <a target=_blank href=screenshots/screenshot_12.png>All the values are Set  </a> 10-Aug-2020 01:05:19 AM : <a target=_blank href=screenshots/screenshot_13.png>Form is Created Successfully  </a>  </system-out>
  <testcase name="BookStore" time="68.070" classname="com.maveric.scuba.tests.demoqa.Demoqa"/>
  <system-out>
10-Aug-2020 01:05:37 AM : <a target=_blank href=screenshots/screenshot_14.png>UrlLaunch  </a> 10-Aug-2020 01:05:37 AM : <a target=_blank href=screenshots/screenshot_15.png>DemoQA Login Page is launched  </a> 10-Aug-2020 01:05:49 AM : <a target=_blank href=screenshots/screenshot_16.png>BookStore is Launched  </a> 10-Aug-2020 01:06:05 AM : <a target=_blank href=screenshots/screenshot_17.png>Book is Added to the Collection  </a> 10-Aug-2020 01:06:29 AM : <a target=_blank href=screenshots/screenshot_18.png>All Books are deleted  </a>  </system-out>
</testsuite> <!-- com.maveric.scuba.tests.demoqa.Demoqa -->
