<?xml version="1.0" encoding="UTF-8"?>
<!-- Generated by org.testng.reporters.JUnitReportReporter -->
<testsuite skipped="0" hostname="MAVBCP203" name="com.maveric.scuba.tests.parabank.ParaBank_TestNG" tests="3" failures="0" timestamp="2020-08-05T13:48:24 GMT+05:30" time="208.713" errors="0">
  <testcase name="Register_User" time="47.144" classname="com.maveric.scuba.tests.parabank.ParaBank_TestNG"/>
  <system-out>
05-Aug-2020 01:45:15 PM : <a target=_blank href=screenshots/screenshot_1.png>UrlLaunch  </a> 05-Aug-2020 01:45:22 PM : <a target=_blank href=screenshots/screenshot_2.png>Parabank Site loaded : Login screen  </a> 05-Aug-2020 01:45:26 PM : <a target=_blank href=screenshots/screenshot_3.png>Parabank Site : New User Registration Values are Entered  </a> 05-Aug-2020 01:45:32 PM : <a target=_blank href=screenshots/screenshot_4.png>Parabank Site logged in : New user registered with ID thamarai1003; Password: thamarai  </a> 05-Aug-2020 01:45:38 PM : <a target=_blank href=screenshots/screenshot_5.png>Parabank Site logged out after creating registering a new user  </a>  </system-out>
  <testcase name="Paralogin" time="27.819" classname="com.maveric.scuba.tests.parabank.ParaBank_TestNG"/>
  <system-out>
05-Aug-2020 01:45:54 PM : <a target=_blank href=screenshots/screenshot_6.png>UrlLaunch  </a> 05-Aug-2020 01:45:55 PM : <a target=_blank href=screenshots/screenshot_7.png>Credentials entered  </a> 05-Aug-2020 01:46:01 PM : <a target=_blank href=screenshots/screenshot_8.png>Parabank Site logged in successfully  </a> 05-Aug-2020 01:46:07 PM : <a target=_blank href=screenshots/screenshot_9.png>Default account : 20226  </a>  </system-out>
  <testcase name="AccountCreation" time="133.750" classname="com.maveric.scuba.tests.parabank.ParaBank_TestNG"/>
  <system-out>
05-Aug-2020 01:46:21 PM : <a target=_blank href=screenshots/screenshot_10.png>UrlLaunch  </a> 05-Aug-2020 01:46:21 PM : <a target=_blank href=screenshots/screenshot_11.png>Credentials entered  </a> 05-Aug-2020 01:46:29 PM : <a target=_blank href=screenshots/screenshot_12.png>Parabank Site logged in successfully  </a> 05-Aug-2020 01:46:36 PM : <a target=_blank href=screenshots/screenshot_13.png>Default account : 20226  </a> 05-Aug-2020 01:46:42 PM : <a target=_blank href=screenshots/screenshot_14.png>date entred for create account  </a> 05-Aug-2020 01:46:47 PM : <a target=_blank href=screenshots/screenshot_15.png>Account created - '20448'  </a> 05-Aug-2020 01:46:53 PM : <a target=_blank href=screenshots/screenshot_16.png>Utilsive accounts  </a> 05-Aug-2020 01:48:02 PM : <a target=_blank href=screenshots/screenshot_17.png>selected transUtilsion accounts  </a> 05-Aug-2020 01:48:09 PM : <a target=_blank href=screenshots/screenshot_18.png>TransUtilsion completed successfully  </a> 05-Aug-2020 01:48:22 PM : <a target=_blank href=screenshots/screenshot_19.png>Parabank Site logged out  </a>  </system-out>
</testsuite> <!-- com.maveric.scuba.tests.parabank.ParaBank_TestNG -->
